<?xml version="1.0" encoding="UTF-8"?>
<!-- Generated by org.testng.reporters.JUnitXMLReporter -->
<testsuite hostname="DESKTOP-06DGQHQ" ignored="2" name="Test" tests="3" failures="0" timestamp="21 Oct 2019 15:34:54 GMT" time="26.165" errors="0">
  <testcase name="login" time="8.761" classname="TCS.LoginTC"/>
  <testcase name="addTshirtToCart" time="17.031" classname="TCS.HomepageTC"/>
  <testcase name="verifyAddedProductToCart" time="0.243" classname="TCS.HomepageTC"/>
  <testcase name="@AfterSuite tearDown" time="0.0" classname="TCS.Base">
    <ignored/>
  </testcase> <!-- @AfterSuite tearDown -->
  <testcase name="@BeforeSuite setup" time="0.0" classname="TCS.Base">
    <ignored/>
  </testcase> <!-- @BeforeSuite setup -->
</testsuite> <!-- Test -->
