<?xml version="1.0" encoding="UTF-8"?>
<testng-results skipped="0" failed="0" total="3" passed="3">
  <reporter-output>
  </reporter-output>
  <suite name="Suite" duration-ms="16763" started-at="2019-11-18T09:40:27Z" finished-at="2019-11-18T09:40:43Z">
    <groups>
    </groups>
    <test name="Test" duration-ms="16763" started-at="2019-11-18T09:40:27Z" finished-at="2019-11-18T09:40:43Z">
      <class name="TCS.HomepageTC">
        <test-method status="PASS" signature="addTshirtToCart()[pri:0, instance:TCS.HomepageTC@4cdbe50f]" name="addTshirtToCart" duration-ms="11437" started-at="2019-11-18T15:10:32Z" finished-at="2019-11-18T15:10:43Z">
          <reporter-output>
          </reporter-output>
        </test-method> <!-- addTshirtToCart -->
        <test-method status="PASS" signature="verifyAddedProductToCart()[pri:0, instance:TCS.HomepageTC@4cdbe50f]" name="verifyAddedProductToCart" duration-ms="93" started-at="2019-11-18T15:10:43Z" finished-at="2019-11-18T15:10:43Z">
          <reporter-output>
          </reporter-output>
        </test-method> <!-- verifyAddedProductToCart -->
      </class> <!-- TCS.HomepageTC -->
      <class name="TCS.LoginTC">
        <test-method status="PASS" signature="setup()[pri:0, instance:TCS.LoginTC@45c8e616]" name="setup" is-config="true" duration-ms="17323" started-at="2019-11-18T15:10:09Z" finished-at="2019-11-18T15:10:27Z">
          <reporter-output>
          </reporter-output>
        </test-method> <!-- setup -->
        <test-method status="PASS" signature="login()[pri:0, instance:TCS.LoginTC@45c8e616]" name="login" duration-ms="5215" started-at="2019-11-18T15:10:27Z" finished-at="2019-11-18T15:10:32Z">
          <reporter-output>
          </reporter-output>
        </test-method> <!-- login -->
        <test-method status="PASS" signature="tearDown()[pri:0, instance:TCS.LoginTC@45c8e616]" name="tearDown" is-config="true" duration-ms="829" started-at="2019-11-18T15:10:44Z" finished-at="2019-11-18T15:10:44Z">
          <reporter-output>
          </reporter-output>
        </test-method> <!-- tearDown -->
      </class> <!-- TCS.LoginTC -->
    </test> <!-- Test -->
  </suite> <!-- Suite -->
</testng-results>
