<?xml version="1.0" encoding="UTF-8"?>
<testng-results skipped="0" failed="0" ignored="0" total="2" passed="2">
  <reporter-output>
  </reporter-output>
  <suite name="Default suite" duration-ms="182" started-at="2019-10-19T13:51:24Z" finished-at="2019-10-19T13:51:25Z">
    <groups>
    </groups>
    <test name="Default test" duration-ms="182" started-at="2019-10-19T13:51:24Z" finished-at="2019-10-19T13:51:25Z">
      <class name="TCS.T1">
        <test-method status="PASS" signature="m1()[pri:0, instance:TCS.T1@8bd1b6a]" name="m1" duration-ms="46" started-at="2019-10-19T13:51:25Z" finished-at="2019-10-19T13:51:25Z">
          <reporter-output>
          </reporter-output>
        </test-method> <!-- m1 -->
        <test-method status="PASS" signature="m2()[pri:0, instance:TCS.T1@8bd1b6a]" name="m2" duration-ms="6" started-at="2019-10-19T13:51:25Z" finished-at="2019-10-19T13:51:25Z">
          <reporter-output>
          </reporter-output>
        </test-method> <!-- m2 -->
      </class> <!-- TCS.T1 -->
    </test> <!-- Default test -->
  </suite> <!-- Default suite -->
</testng-results>
